<?xml version="1.0" encoding="UTF-8"?>
<!-- Generated by org.testng.reporters.JUnitReportReporter -->
<testsuite skipped="0" hostname="DESKTOP-MRAU6H5" name="cvs.all.revision.Run" tests="3" failures="0" timestamp="22 Oct 2019 18:47:29 GMT" time="8.274" errors="0">
  <testcase name="Basic" time="2.788" classname="cvs.all.revision.Run"/>
  <testcase name="login" time="2.434" classname="cvs.all.revision.Run"/>
  <testcase name="Registration" time="3.052" classname="cvs.all.revision.Run"/>
</testsuite> <!-- cvs.all.revision.Run -->
